{
  "RSpec": {
    "coverage": {
      "/Users/js/projects/battleship/spec/set_board_spec.rb": [
        1,
        null,
        1,
        null,
        1,
        3,
        null,
        null,
        1,
        1,
        null,
        null,
        1,
        1,
        null,
        null,
        1,
        null,
        1,
        1,
        null,
        null,
        null,
        null,
        null,
        null,
        null,
        null,
        null,
        null,
        null,
        null,
        null,
        null,
        null,
        null
      ],
      "/Users/js/projects/battleship/lib/set_board.rb": [
        1,
        null,
        1,
        null,
        1,
        3,
        3,
        3,
        null,
        null,
        1,
        1,
        1,
        1,
        null,
        1,
        0,
        144,
        144,
        null,
        12,
        12,
        12,
        12,
        null,
        1,
        null,
        null,
        null
      ]
    },
    "timestamp": 1547027636
  }
}
